<?xml version="1.0" encoding="UTF-8"?>
<coverage generated="1730717643722" clover="3.2.0">
  <project timestamp="1730717643722" name="All files">
    <metrics statements="50" coveredstatements="25" conditionals="22" coveredconditionals="6" methods="27" coveredmethods="12" elements="99" coveredelements="43" complexity="0" loc="50" ncloc="50" packages="6" files="12" classes="12"/>
    <package name="components">
      <metrics statements="27" coveredstatements="6" conditionals="14" coveredconditionals="2" methods="15" coveredmethods="3"/>
      <file name="Accordion.jsx" path="D:\Documents\Projects\OpenClassrooms - JS_React\Project 11\OC-P11\src\components\Accordion.jsx">
        <metrics statements="9" coveredstatements="4" conditionals="6" coveredconditionals="0" methods="2" coveredmethods="1"/>
        <line num="19" count="16" type="stmt"/>
        <line num="20" count="16" type="stmt"/>
        <line num="22" count="16" type="stmt"/>
        <line num="23" count="0" type="stmt"/>
        <line num="25" count="0" type="cond" truecount="0" falsecount="2"/>
        <line num="26" count="0" type="stmt"/>
        <line num="28" count="0" type="stmt"/>
        <line num="31" count="0" type="stmt"/>
        <line num="34" count="16" type="stmt"/>
      </file>
      <file name="Badge.jsx" path="D:\Documents\Projects\OpenClassrooms - JS_React\Project 11\OC-P11\src\components\Badge.jsx">
        <metrics statements="1" coveredstatements="0" conditionals="0" coveredconditionals="0" methods="1" coveredmethods="0"/>
        <line num="17" count="0" type="stmt"/>
      </file>
      <file name="Card.jsx" path="D:\Documents\Projects\OpenClassrooms - JS_React\Project 11\OC-P11\src\components\Card.jsx">
        <metrics statements="1" coveredstatements="1" conditionals="0" coveredconditionals="0" methods="1" coveredmethods="1"/>
        <line num="19" count="20" type="stmt"/>
      </file>
      <file name="Carousel.jsx" path="D:\Documents\Projects\OpenClassrooms - JS_React\Project 11\OC-P11\src\components\Carousel.jsx">
        <metrics statements="15" coveredstatements="0" conditionals="6" coveredconditionals="0" methods="10" coveredmethods="0"/>
        <line num="19" count="0" type="stmt"/>
        <line num="22" count="0" type="stmt"/>
        <line num="23" count="0" type="stmt"/>
        <line num="24" count="0" type="cond" truecount="0" falsecount="2"/>
        <line num="28" count="0" type="stmt"/>
        <line num="29" count="0" type="stmt"/>
        <line num="30" count="0" type="stmt"/>
        <line num="34" count="0" type="stmt"/>
        <line num="35" count="0" type="stmt"/>
        <line num="36" count="0" type="cond" truecount="0" falsecount="2"/>
        <line num="41" count="0" type="stmt"/>
        <line num="42" count="0" type="stmt"/>
        <line num="43" count="0" type="cond" truecount="0" falsecount="2"/>
        <line num="47" count="0" type="stmt"/>
        <line num="51" count="0" type="stmt"/>
      </file>
      <file name="Section.jsx" path="D:\Documents\Projects\OpenClassrooms - JS_React\Project 11\OC-P11\src\components\Section.jsx">
        <metrics statements="1" coveredstatements="1" conditionals="2" coveredconditionals="2" methods="1" coveredmethods="1"/>
        <line num="18" count="3" type="stmt"/>
      </file>
    </package>
    <package name="pages.About">
      <metrics statements="2" coveredstatements="2" conditionals="0" coveredconditionals="0" methods="2" coveredmethods="2"/>
      <file name="index.jsx" path="D:\Documents\Projects\OpenClassrooms - JS_React\Project 11\OC-P11\src\pages\About\index.jsx">
        <metrics statements="2" coveredstatements="2" conditionals="0" coveredconditionals="0" methods="2" coveredmethods="2"/>
        <line num="20" count="3" type="stmt"/>
        <line num="25" count="12" type="stmt"/>
      </file>
    </package>
    <package name="pages.Apartment">
      <metrics statements="12" coveredstatements="8" conditionals="6" coveredconditionals="2" methods="6" coveredmethods="3"/>
      <file name="index.jsx" path="D:\Documents\Projects\OpenClassrooms - JS_React\Project 11\OC-P11\src\pages\Apartment\index.jsx">
        <metrics statements="12" coveredstatements="8" conditionals="6" coveredconditionals="2" methods="6" coveredmethods="3"/>
        <line num="22" count="3" type="stmt"/>
        <line num="23" count="3" type="stmt"/>
        <line num="24" count="60" type="stmt"/>
        <line num="26" count="3" type="stmt"/>
        <line num="27" count="2" type="cond" truecount="1" falsecount="1"/>
        <line num="28" count="2" type="stmt"/>
        <line num="32" count="3" type="cond" truecount="1" falsecount="1"/>
        <line num="33" count="3" type="stmt"/>
        <line num="36" count="0" type="stmt"/>
        <line num="51" count="0" type="stmt"/>
        <line num="73" count="0" type="stmt"/>
        <line num="89" count="0" type="stmt"/>
      </file>
    </package>
    <package name="pages.Error">
      <metrics statements="1" coveredstatements="1" conditionals="0" coveredconditionals="0" methods="1" coveredmethods="1"/>
      <file name="index.jsx" path="D:\Documents\Projects\OpenClassrooms - JS_React\Project 11\OC-P11\src\pages\Error\index.jsx">
        <metrics statements="1" coveredstatements="1" conditionals="0" coveredconditionals="0" methods="1" coveredmethods="1"/>
        <line num="18" count="1" type="stmt"/>
      </file>
    </package>
    <package name="pages.Home">
      <metrics statements="2" coveredstatements="2" conditionals="0" coveredconditionals="0" methods="2" coveredmethods="2"/>
      <file name="index.jsx" path="D:\Documents\Projects\OpenClassrooms - JS_React\Project 11\OC-P11\src\pages\Home\index.jsx">
        <metrics statements="2" coveredstatements="2" conditionals="0" coveredconditionals="0" methods="2" coveredmethods="2"/>
        <line num="20" count="1" type="stmt"/>
        <line num="30" count="20" type="stmt"/>
      </file>
    </package>
    <package name="tests">
      <metrics statements="6" coveredstatements="6" conditionals="2" coveredconditionals="2" methods="1" coveredmethods="1"/>
      <file name="fileMock.js" path="D:\Documents\Projects\OpenClassrooms - JS_React\Project 11\OC-P11\src\tests\fileMock.js">
        <metrics statements="1" coveredstatements="1" conditionals="0" coveredconditionals="0" methods="0" coveredmethods="0"/>
        <line num="1" count="1" type="stmt"/>
      </file>
      <file name="hello.js" path="D:\Documents\Projects\OpenClassrooms - JS_React\Project 11\OC-P11\src\tests\hello.js">
        <metrics statements="4" coveredstatements="4" conditionals="2" coveredconditionals="2" methods="1" coveredmethods="1"/>
        <line num="5" count="1" type="stmt"/>
        <line num="6" count="2" type="cond" truecount="2" falsecount="0"/>
        <line num="7" count="1" type="stmt"/>
        <line num="10" count="1" type="stmt"/>
      </file>
      <file name="styleMock.js" path="D:\Documents\Projects\OpenClassrooms - JS_React\Project 11\OC-P11\src\tests\styleMock.js">
        <metrics statements="1" coveredstatements="1" conditionals="0" coveredconditionals="0" methods="0" coveredmethods="0"/>
        <line num="1" count="1" type="stmt"/>
      </file>
    </package>
  </project>
</coverage>
