<?xml version="1.0" encoding="UTF-8"?>
<coverage generated="1732281056960" clover="3.2.0">
  <project timestamp="1732281056960" name="All files">
    <metrics statements="47" coveredstatements="45" conditionals="22" coveredconditionals="16" methods="27" coveredmethods="27" elements="96" coveredelements="88" complexity="0" loc="47" ncloc="47" packages="6" files="12" classes="12"/>
    <package name="components">
      <metrics statements="28" coveredstatements="28" conditionals="16" coveredconditionals="13" methods="16" coveredmethods="16"/>
      <file name="Accordion.jsx" path="D:\Documents\Projects\OpenClassrooms - JS_React\Project 11\OC-P11\src\components\Accordion.jsx">
        <metrics statements="9" coveredstatements="9" conditionals="6" coveredconditionals="6" methods="2" coveredmethods="2"/>
        <line num="19" count="20" type="stmt"/>
        <line num="20" count="20" type="stmt"/>
        <line num="22" count="20" type="stmt"/>
        <line num="23" count="2" type="stmt"/>
        <line num="25" count="2" type="cond" truecount="2" falsecount="0"/>
        <line num="26" count="1" type="stmt"/>
        <line num="28" count="1" type="stmt"/>
        <line num="31" count="2" type="stmt"/>
        <line num="34" count="20" type="stmt"/>
      </file>
      <file name="Badge.jsx" path="D:\Documents\Projects\OpenClassrooms - JS_React\Project 11\OC-P11\src\components\Badge.jsx">
        <metrics statements="1" coveredstatements="1" conditionals="0" coveredconditionals="0" methods="1" coveredmethods="1"/>
        <line num="17" count="4" type="stmt"/>
      </file>
      <file name="Card.jsx" path="D:\Documents\Projects\OpenClassrooms - JS_React\Project 11\OC-P11\src\components\Card.jsx">
        <metrics statements="1" coveredstatements="1" conditionals="0" coveredconditionals="0" methods="1" coveredmethods="1"/>
        <line num="19" count="102" type="stmt"/>
      </file>
      <file name="Carousel.jsx" path="D:\Documents\Projects\OpenClassrooms - JS_React\Project 11\OC-P11\src\components\Carousel.jsx">
        <metrics statements="15" coveredstatements="15" conditionals="8" coveredconditionals="5" methods="10" coveredmethods="10"/>
        <line num="19" count="10" type="stmt"/>
        <line num="22" count="10" type="stmt"/>
        <line num="23" count="1" type="stmt"/>
        <line num="24" count="1" type="cond" truecount="1" falsecount="1"/>
        <line num="28" count="10" type="stmt"/>
        <line num="29" count="10" type="stmt"/>
        <line num="30" count="10" type="stmt"/>
        <line num="34" count="10" type="stmt"/>
        <line num="35" count="1" type="stmt"/>
        <line num="36" count="1" type="cond" truecount="1" falsecount="1"/>
        <line num="41" count="10" type="stmt"/>
        <line num="42" count="1" type="stmt"/>
        <line num="43" count="1" type="cond" truecount="1" falsecount="1"/>
        <line num="47" count="10" type="stmt"/>
        <line num="51" count="31" type="stmt"/>
      </file>
      <file name="Header.jsx" path="D:\Documents\Projects\OpenClassrooms - JS_React\Project 11\OC-P11\src\components\Header.jsx">
        <metrics statements="1" coveredstatements="1" conditionals="0" coveredconditionals="0" methods="1" coveredmethods="1"/>
        <line num="19" count="2" type="stmt"/>
      </file>
      <file name="Section.jsx" path="D:\Documents\Projects\OpenClassrooms - JS_React\Project 11\OC-P11\src\components\Section.jsx">
        <metrics statements="1" coveredstatements="1" conditionals="2" coveredconditionals="2" methods="1" coveredmethods="1"/>
        <line num="18" count="8" type="stmt"/>
      </file>
    </package>
    <package name="pages.About">
      <metrics statements="2" coveredstatements="2" conditionals="0" coveredconditionals="0" methods="2" coveredmethods="2"/>
      <file name="index.jsx" path="D:\Documents\Projects\OpenClassrooms - JS_React\Project 11\OC-P11\src\pages\About\index.jsx">
        <metrics statements="2" coveredstatements="2" conditionals="0" coveredconditionals="0" methods="2" coveredmethods="2"/>
        <line num="20" count="3" type="stmt"/>
        <line num="25" count="12" type="stmt"/>
      </file>
    </package>
    <package name="pages.Apartment">
      <metrics statements="12" coveredstatements="10" conditionals="6" coveredconditionals="3" methods="6" coveredmethods="6"/>
      <file name="index.jsx" path="D:\Documents\Projects\OpenClassrooms - JS_React\Project 11\OC-P11\src\pages\Apartment\index.jsx">
        <metrics statements="12" coveredstatements="10" conditionals="6" coveredconditionals="3" methods="6" coveredmethods="6"/>
        <line num="22" count="2" type="stmt"/>
        <line num="23" count="2" type="stmt"/>
        <line num="24" count="2" type="stmt"/>
        <line num="26" count="2" type="stmt"/>
        <line num="27" count="2" type="cond" truecount="1" falsecount="1"/>
        <line num="28" count="0" type="stmt"/>
        <line num="32" count="2" type="cond" truecount="1" falsecount="1"/>
        <line num="33" count="0" type="stmt"/>
        <line num="36" count="2" type="stmt"/>
        <line num="51" count="4" type="stmt"/>
        <line num="72" count="10" type="stmt"/>
        <line num="88" count="10" type="stmt"/>
      </file>
    </package>
    <package name="pages.Error">
      <metrics statements="1" coveredstatements="1" conditionals="0" coveredconditionals="0" methods="1" coveredmethods="1"/>
      <file name="index.jsx" path="D:\Documents\Projects\OpenClassrooms - JS_React\Project 11\OC-P11\src\pages\Error\index.jsx">
        <metrics statements="1" coveredstatements="1" conditionals="0" coveredconditionals="0" methods="1" coveredmethods="1"/>
        <line num="18" count="1" type="stmt"/>
      </file>
    </package>
    <package name="pages.Home">
      <metrics statements="2" coveredstatements="2" conditionals="0" coveredconditionals="0" methods="2" coveredmethods="2"/>
      <file name="index.jsx" path="D:\Documents\Projects\OpenClassrooms - JS_React\Project 11\OC-P11\src\pages\Home\index.jsx">
        <metrics statements="2" coveredstatements="2" conditionals="0" coveredconditionals="0" methods="2" coveredmethods="2"/>
        <line num="20" count="5" type="stmt"/>
        <line num="30" count="100" type="stmt"/>
      </file>
    </package>
    <package name="tests">
      <metrics statements="2" coveredstatements="2" conditionals="0" coveredconditionals="0" methods="0" coveredmethods="0"/>
      <file name="fileMock.js" path="D:\Documents\Projects\OpenClassrooms - JS_React\Project 11\OC-P11\src\tests\fileMock.js">
        <metrics statements="1" coveredstatements="1" conditionals="0" coveredconditionals="0" methods="0" coveredmethods="0"/>
        <line num="1" count="1" type="stmt"/>
      </file>
      <file name="styleMock.js" path="D:\Documents\Projects\OpenClassrooms - JS_React\Project 11\OC-P11\src\tests\styleMock.js">
        <metrics statements="1" coveredstatements="1" conditionals="0" coveredconditionals="0" methods="0" coveredmethods="0"/>
        <line num="1" count="4" type="stmt"/>
      </file>
    </package>
  </project>
</coverage>
