{"D:\\Documents\\Projects\\OpenClassrooms - JS_React\\Project 11\\OC-P11\\src\\components\\Accordion.jsx": {"path":"D:\\Documents\\Projects\\OpenClassrooms - JS_React\\Project 11\\OC-P11\\src\\components\\Accordion.jsx","statementMap":{"0":{"start":{"line":19,"column":26},"end":{"line":19,"column":41}},"1":{"start":{"line":20,"column":21},"end":{"line":20,"column":33}},"2":{"start":{"line":22,"column":26},"end":{"line":32,"column":3}},"3":{"start":{"line":23,"column":27},"end":{"line":23,"column":45}},"4":{"start":{"line":25,"column":4},"end":{"line":29,"column":5}},"5":{"start":{"line":26,"column":6},"end":{"line":26,"column":42}},"6":{"start":{"line":28,"column":6},"end":{"line":28,"column":71}},"7":{"start":{"line":31,"column":4},"end":{"line":31,"column":19}},"8":{"start":{"line":34,"column":2},"end":{"line":64,"column":4}}},"fnMap":{"0":{"name":"Accordion","decl":{"start":{"line":18,"column":24},"end":{"line":18,"column":33}},"loc":{"start":{"line":18,"column":65},"end":{"line":65,"column":1}},"line":18},"1":{"name":"(anonymous_1)","decl":{"start":{"line":22,"column":26},"end":{"line":22,"column":27}},"loc":{"start":{"line":22,"column":32},"end":{"line":32,"column":3}},"line":22}},"branchMap":{"0":{"loc":{"start":{"line":25,"column":4},"end":{"line":29,"column":5}},"type":"if","locations":[{"start":{"line":25,"column":4},"end":{"line":29,"column":5}},{"start":{"line":27,"column":11},"end":{"line":29,"column":5}}],"line":25},"1":{"loc":{"start":{"line":46,"column":12},"end":{"line":48,"column":43}},"type":"cond-expr","locations":[{"start":{"line":47,"column":16},"end":{"line":47,"column":74}},{"start":{"line":48,"column":16},"end":{"line":48,"column":43}}],"line":46},"2":{"loc":{"start":{"line":58,"column":18},"end":{"line":58,"column":71}},"type":"cond-expr","locations":[{"start":{"line":58,"column":25},"end":{"line":58,"column":63}},{"start":{"line":58,"column":66},"end":{"line":58,"column":71}}],"line":58}},"s":{"0":16,"1":16,"2":16,"3":0,"4":0,"5":0,"6":0,"7":0,"8":16},"f":{"0":16,"1":0},"b":{"0":[0,0],"1":[0,0],"2":[0,0]},"_coverageSchema":"1a1c01bbd47fc00a2c39e90264f33305004495a9","hash":"6c1ae7fd241ccb16db8c74c9784e1508d2ec58fe"}
,"D:\\Documents\\Projects\\OpenClassrooms - JS_React\\Project 11\\OC-P11\\src\\components\\Badge.jsx": {"path":"D:\\Documents\\Projects\\OpenClassrooms - JS_React\\Project 11\\OC-P11\\src\\components\\Badge.jsx","statementMap":{"0":{"start":{"line":17,"column":2},"end":{"line":21,"column":4}}},"fnMap":{"0":{"name":"Badge","decl":{"start":{"line":16,"column":24},"end":{"line":16,"column":29}},"loc":{"start":{"line":16,"column":41},"end":{"line":22,"column":1}},"line":16}},"branchMap":{},"s":{"0":0},"f":{"0":0},"b":{},"_coverageSchema":"1a1c01bbd47fc00a2c39e90264f33305004495a9","hash":"b2350896930ddd1eebd3c7243a8be35e80beb657"}
,"D:\\Documents\\Projects\\OpenClassrooms - JS_React\\Project 11\\OC-P11\\src\\components\\Card.jsx": {"path":"D:\\Documents\\Projects\\OpenClassrooms - JS_React\\Project 11\\OC-P11\\src\\components\\Card.jsx","statementMap":{"0":{"start":{"line":19,"column":2},"end":{"line":28,"column":4}}},"fnMap":{"0":{"name":"Card","decl":{"start":{"line":18,"column":24},"end":{"line":18,"column":28}},"loc":{"start":{"line":18,"column":51},"end":{"line":29,"column":1}},"line":18}},"branchMap":{},"s":{"0":20},"f":{"0":20},"b":{},"_coverageSchema":"1a1c01bbd47fc00a2c39e90264f33305004495a9","hash":"b5949f2193b35692334046cd02d5cc42b1938ba6"}
,"D:\\Documents\\Projects\\OpenClassrooms - JS_React\\Project 11\\OC-P11\\src\\components\\Carousel.jsx": {"path":"D:\\Documents\\Projects\\OpenClassrooms - JS_React\\Project 11\\OC-P11\\src\\components\\Carousel.jsx","statementMap":{"0":{"start":{"line":19,"column":42},"end":{"line":19,"column":53}},"1":{"start":{"line":22,"column":25},"end":{"line":26,"column":3}},"2":{"start":{"line":23,"column":4},"end":{"line":25,"column":6}},"3":{"start":{"line":24,"column":6},"end":{"line":24,"column":57}},"4":{"start":{"line":28,"column":2},"end":{"line":31,"column":21}},"5":{"start":{"line":29,"column":21},"end":{"line":29,"column":54}},"6":{"start":{"line":30,"column":4},"end":{"line":30,"column":41}},"7":{"start":{"line":30,"column":17},"end":{"line":30,"column":40}},"8":{"start":{"line":34,"column":27},"end":{"line":38,"column":3}},"9":{"start":{"line":35,"column":4},"end":{"line":37,"column":6}},"10":{"start":{"line":36,"column":6},"end":{"line":36,"column":57}},"11":{"start":{"line":41,"column":23},"end":{"line":45,"column":3}},"12":{"start":{"line":42,"column":4},"end":{"line":44,"column":6}},"13":{"start":{"line":43,"column":6},"end":{"line":43,"column":57}},"14":{"start":{"line":47,"column":2},"end":{"line":80,"column":4}},"15":{"start":{"line":51,"column":10},"end":{"line":61,"column":15}}},"fnMap":{"0":{"name":"Carousel","decl":{"start":{"line":18,"column":24},"end":{"line":18,"column":32}},"loc":{"start":{"line":18,"column":45},"end":{"line":81,"column":1}},"line":18},"1":{"name":"(anonymous_1)","decl":{"start":{"line":22,"column":25},"end":{"line":22,"column":26}},"loc":{"start":{"line":22,"column":31},"end":{"line":26,"column":3}},"line":22},"2":{"name":"(anonymous_2)","decl":{"start":{"line":23,"column":20},"end":{"line":23,"column":21}},"loc":{"start":{"line":24,"column":6},"end":{"line":24,"column":57}},"line":24},"3":{"name":"(anonymous_3)","decl":{"start":{"line":28,"column":12},"end":{"line":28,"column":13}},"loc":{"start":{"line":28,"column":18},"end":{"line":31,"column":3}},"line":28},"4":{"name":"(anonymous_4)","decl":{"start":{"line":30,"column":11},"end":{"line":30,"column":12}},"loc":{"start":{"line":30,"column":17},"end":{"line":30,"column":40}},"line":30},"5":{"name":"(anonymous_5)","decl":{"start":{"line":34,"column":27},"end":{"line":34,"column":28}},"loc":{"start":{"line":34,"column":33},"end":{"line":38,"column":3}},"line":34},"6":{"name":"(anonymous_6)","decl":{"start":{"line":35,"column":20},"end":{"line":35,"column":21}},"loc":{"start":{"line":36,"column":6},"end":{"line":36,"column":57}},"line":36},"7":{"name":"(anonymous_7)","decl":{"start":{"line":41,"column":23},"end":{"line":41,"column":24}},"loc":{"start":{"line":41,"column":29},"end":{"line":45,"column":3}},"line":41},"8":{"name":"(anonymous_8)","decl":{"start":{"line":42,"column":20},"end":{"line":42,"column":21}},"loc":{"start":{"line":43,"column":6},"end":{"line":43,"column":57}},"line":43},"9":{"name":"(anonymous_9)","decl":{"start":{"line":50,"column":20},"end":{"line":50,"column":21}},"loc":{"start":{"line":51,"column":10},"end":{"line":61,"column":15}},"line":51}},"branchMap":{"0":{"loc":{"start":{"line":24,"column":6},"end":{"line":24,"column":57}},"type":"cond-expr","locations":[{"start":{"line":24,"column":40},"end":{"line":24,"column":41}},{"start":{"line":24,"column":44},"end":{"line":24,"column":57}}],"line":24},"1":{"loc":{"start":{"line":36,"column":6},"end":{"line":36,"column":57}},"type":"cond-expr","locations":[{"start":{"line":36,"column":24},"end":{"line":36,"column":41}},{"start":{"line":36,"column":44},"end":{"line":36,"column":57}}],"line":36},"2":{"loc":{"start":{"line":43,"column":6},"end":{"line":43,"column":57}},"type":"cond-expr","locations":[{"start":{"line":43,"column":40},"end":{"line":43,"column":41}},{"start":{"line":43,"column":44},"end":{"line":43,"column":57}}],"line":43}},"s":{"0":0,"1":0,"2":0,"3":0,"4":0,"5":0,"6":0,"7":0,"8":0,"9":0,"10":0,"11":0,"12":0,"13":0,"14":0,"15":0},"f":{"0":0,"1":0,"2":0,"3":0,"4":0,"5":0,"6":0,"7":0,"8":0,"9":0},"b":{"0":[0,0],"1":[0,0],"2":[0,0]},"_coverageSchema":"1a1c01bbd47fc00a2c39e90264f33305004495a9","hash":"a7b6560513de58784d83d9a34debb5cb0a82948b"}
,"D:\\Documents\\Projects\\OpenClassrooms - JS_React\\Project 11\\OC-P11\\src\\components\\Section.jsx": {"path":"D:\\Documents\\Projects\\OpenClassrooms - JS_React\\Project 11\\OC-P11\\src\\components\\Section.jsx","statementMap":{"0":{"start":{"line":18,"column":2},"end":{"line":23,"column":4}}},"fnMap":{"0":{"name":"Section","decl":{"start":{"line":17,"column":24},"end":{"line":17,"column":31}},"loc":{"start":{"line":17,"column":55},"end":{"line":24,"column":1}},"line":17}},"branchMap":{"0":{"loc":{"start":{"line":21,"column":7},"end":{"line":21,"column":59}},"type":"binary-expr","locations":[{"start":{"line":21,"column":7},"end":{"line":21,"column":12}},{"start":{"line":21,"column":16},"end":{"line":21,"column":59}}],"line":21}},"s":{"0":3},"f":{"0":3},"b":{"0":[3,1]},"_coverageSchema":"1a1c01bbd47fc00a2c39e90264f33305004495a9","hash":"93e20341665111bb472a67fae7abf0e942858326"}
,"D:\\Documents\\Projects\\OpenClassrooms - JS_React\\Project 11\\OC-P11\\src\\pages\\About\\index.jsx": {"path":"D:\\Documents\\Projects\\OpenClassrooms - JS_React\\Project 11\\OC-P11\\src\\pages\\About\\index.jsx","statementMap":{"0":{"start":{"line":20,"column":2},"end":{"line":33,"column":4}},"1":{"start":{"line":25,"column":10},"end":{"line":29,"column":12}}},"fnMap":{"0":{"name":"About","decl":{"start":{"line":19,"column":24},"end":{"line":19,"column":29}},"loc":{"start":{"line":19,"column":32},"end":{"line":34,"column":1}},"line":19},"1":{"name":"(anonymous_1)","decl":{"start":{"line":24,"column":18},"end":{"line":24,"column":19}},"loc":{"start":{"line":24,"column":35},"end":{"line":30,"column":9}},"line":24}},"branchMap":{},"s":{"0":3,"1":12},"f":{"0":3,"1":12},"b":{},"_coverageSchema":"1a1c01bbd47fc00a2c39e90264f33305004495a9","hash":"6a475d842f1b73773f85a67f0c1e918e42a82b92"}
,"D:\\Documents\\Projects\\OpenClassrooms - JS_React\\Project 11\\OC-P11\\src\\pages\\Apartment\\index.jsx": {"path":"D:\\Documents\\Projects\\OpenClassrooms - JS_React\\Project 11\\OC-P11\\src\\pages\\Apartment\\index.jsx","statementMap":{"0":{"start":{"line":22,"column":17},"end":{"line":22,"column":28}},"1":{"start":{"line":23,"column":19},"end":{"line":23,"column":32}},"2":{"start":{"line":24,"column":20},"end":{"line":24,"column":55}},"3":{"start":{"line":24,"column":40},"end":{"line":24,"column":54}},"4":{"start":{"line":26,"column":2},"end":{"line":30,"column":28}},"5":{"start":{"line":27,"column":4},"end":{"line":29,"column":5}},"6":{"start":{"line":28,"column":6},"end":{"line":28,"column":25}},"7":{"start":{"line":32,"column":2},"end":{"line":34,"column":3}},"8":{"start":{"line":33,"column":4},"end":{"line":33,"column":16}},"9":{"start":{"line":36,"column":2},"end":{"line":95,"column":4}},"10":{"start":{"line":51,"column":14},"end":{"line":56,"column":19}},"11":{"start":{"line":73,"column":14},"end":{"line":77,"column":16}},"12":{"start":{"line":89,"column":14},"end":{"line":89,"column":41}}},"fnMap":{"0":{"name":"Apartment","decl":{"start":{"line":21,"column":24},"end":{"line":21,"column":33}},"loc":{"start":{"line":21,"column":36},"end":{"line":96,"column":1}},"line":21},"1":{"name":"(anonymous_1)","decl":{"start":{"line":24,"column":30},"end":{"line":24,"column":31}},"loc":{"start":{"line":24,"column":40},"end":{"line":24,"column":54}},"line":24},"2":{"name":"(anonymous_2)","decl":{"start":{"line":26,"column":12},"end":{"line":26,"column":13}},"loc":{"start":{"line":26,"column":18},"end":{"line":30,"column":3}},"line":26},"3":{"name":"(anonymous_3)","decl":{"start":{"line":50,"column":32},"end":{"line":50,"column":33}},"loc":{"start":{"line":51,"column":14},"end":{"line":56,"column":19}},"line":51},"4":{"name":"(anonymous_4)","decl":{"start":{"line":72,"column":39},"end":{"line":72,"column":40}},"loc":{"start":{"line":73,"column":14},"end":{"line":77,"column":16}},"line":73},"5":{"name":"(anonymous_5)","decl":{"start":{"line":88,"column":38},"end":{"line":88,"column":39}},"loc":{"start":{"line":89,"column":14},"end":{"line":89,"column":41}},"line":89}},"branchMap":{"0":{"loc":{"start":{"line":27,"column":4},"end":{"line":29,"column":5}},"type":"if","locations":[{"start":{"line":27,"column":4},"end":{"line":29,"column":5}},{"start":{},"end":{}}],"line":27},"1":{"loc":{"start":{"line":32,"column":2},"end":{"line":34,"column":3}},"type":"if","locations":[{"start":{"line":32,"column":2},"end":{"line":34,"column":3}},{"start":{},"end":{}}],"line":32},"2":{"loc":{"start":{"line":76,"column":23},"end":{"line":76,"column":72}},"type":"cond-expr","locations":[{"start":{"line":76,"column":51},"end":{"line":76,"column":60}},{"start":{"line":76,"column":63},"end":{"line":76,"column":72}}],"line":76}},"s":{"0":3,"1":3,"2":3,"3":60,"4":3,"5":2,"6":2,"7":3,"8":3,"9":0,"10":0,"11":0,"12":0},"f":{"0":3,"1":60,"2":2,"3":0,"4":0,"5":0},"b":{"0":[2,0],"1":[3,0],"2":[0,0]},"_coverageSchema":"1a1c01bbd47fc00a2c39e90264f33305004495a9","hash":"647a9d1c06d66e7a5425229dff58858e7253f888"}
,"D:\\Documents\\Projects\\OpenClassrooms - JS_React\\Project 11\\OC-P11\\src\\pages\\Error\\index.jsx": {"path":"D:\\Documents\\Projects\\OpenClassrooms - JS_React\\Project 11\\OC-P11\\src\\pages\\Error\\index.jsx","statementMap":{"0":{"start":{"line":18,"column":2},"end":{"line":28,"column":4}}},"fnMap":{"0":{"name":"Error","decl":{"start":{"line":17,"column":24},"end":{"line":17,"column":29}},"loc":{"start":{"line":17,"column":32},"end":{"line":29,"column":1}},"line":17}},"branchMap":{},"s":{"0":1},"f":{"0":1},"b":{},"_coverageSchema":"1a1c01bbd47fc00a2c39e90264f33305004495a9","hash":"1a5380ba025f62052ca516f3c832c500e6720b54"}
,"D:\\Documents\\Projects\\OpenClassrooms - JS_React\\Project 11\\OC-P11\\src\\pages\\Home\\index.jsx": {"path":"D:\\Documents\\Projects\\OpenClassrooms - JS_React\\Project 11\\OC-P11\\src\\pages\\Home\\index.jsx","statementMap":{"0":{"start":{"line":20,"column":2},"end":{"line":42,"column":4}},"1":{"start":{"line":30,"column":12},"end":{"line":37,"column":14}}},"fnMap":{"0":{"name":"Home","decl":{"start":{"line":19,"column":24},"end":{"line":19,"column":28}},"loc":{"start":{"line":19,"column":31},"end":{"line":43,"column":1}},"line":19},"1":{"name":"(anonymous_1)","decl":{"start":{"line":29,"column":20},"end":{"line":29,"column":21}},"loc":{"start":{"line":29,"column":37},"end":{"line":38,"column":11}},"line":29}},"branchMap":{},"s":{"0":1,"1":20},"f":{"0":1,"1":20},"b":{},"_coverageSchema":"1a1c01bbd47fc00a2c39e90264f33305004495a9","hash":"f1b0197639dcbee0f3961c8e90816d5b285404e1"}
,"D:\\Documents\\Projects\\OpenClassrooms - JS_React\\Project 11\\OC-P11\\src\\tests\\fileMock.js": {"path":"D:\\Documents\\Projects\\OpenClassrooms - JS_React\\Project 11\\OC-P11\\src\\tests\\fileMock.js","statementMap":{"0":{"start":{"line":1,"column":0},"end":{"line":1,"column":34}}},"fnMap":{},"branchMap":{},"s":{"0":1},"f":{},"b":{},"_coverageSchema":"1a1c01bbd47fc00a2c39e90264f33305004495a9","hash":"717a6160ae65dd2f1b52d6b7fcafd05a15a37092"}
,"D:\\Documents\\Projects\\OpenClassrooms - JS_React\\Project 11\\OC-P11\\src\\tests\\hello.js": {"path":"D:\\Documents\\Projects\\OpenClassrooms - JS_React\\Project 11\\OC-P11\\src\\tests\\hello.js","statementMap":{"0":{"start":{"line":5,"column":24},"end":{"line":11,"column":1}},"1":{"start":{"line":6,"column":2},"end":{"line":8,"column":3}},"2":{"start":{"line":7,"column":4},"end":{"line":7,"column":26}},"3":{"start":{"line":10,"column":2},"end":{"line":10,"column":26}}},"fnMap":{"0":{"name":"(anonymous_0)","decl":{"start":{"line":5,"column":24},"end":{"line":5,"column":25}},"loc":{"start":{"line":5,"column":34},"end":{"line":11,"column":1}},"line":5}},"branchMap":{"0":{"loc":{"start":{"line":6,"column":2},"end":{"line":8,"column":3}},"type":"if","locations":[{"start":{"line":6,"column":2},"end":{"line":8,"column":3}},{"start":{},"end":{}}],"line":6}},"s":{"0":1,"1":2,"2":1,"3":1},"f":{"0":2},"b":{"0":[1,1]},"_coverageSchema":"1a1c01bbd47fc00a2c39e90264f33305004495a9","hash":"c2348fd6f8eb8e781718a7ebc8129c6f28197d36"}
,"D:\\Documents\\Projects\\OpenClassrooms - JS_React\\Project 11\\OC-P11\\src\\tests\\styleMock.js": {"path":"D:\\Documents\\Projects\\OpenClassrooms - JS_React\\Project 11\\OC-P11\\src\\tests\\styleMock.js","statementMap":{"0":{"start":{"line":1,"column":0},"end":{"line":1,"column":20}}},"fnMap":{},"branchMap":{},"s":{"0":1},"f":{},"b":{},"_coverageSchema":"1a1c01bbd47fc00a2c39e90264f33305004495a9","hash":"6bb9e66b99626dfe76c3f3e6c3db3694b046b383"}
}
