TN:
SF:src\components\Accordion.jsx
FN:18,Accordion
FN:22,(anonymous_1)
FNF:2
FNH:1
FNDA:16,Accordion
FNDA:0,(anonymous_1)
DA:19,16
DA:20,16
DA:22,16
DA:23,0
DA:25,0
DA:26,0
DA:28,0
DA:31,0
DA:34,16
LF:9
LH:4
BRDA:25,0,0,0
BRDA:25,0,1,0
BRDA:46,1,0,0
BRDA:46,1,1,0
BRDA:58,2,0,0
BRDA:58,2,1,0
BRF:6
BRH:0
end_of_record
TN:
SF:src\components\Badge.jsx
FN:16,Badge
FNF:1
FNH:0
FNDA:0,Badge
DA:17,0
LF:1
LH:0
BRF:0
BRH:0
end_of_record
TN:
SF:src\components\Card.jsx
FN:18,Card
FNF:1
FNH:1
FNDA:20,Card
DA:19,20
LF:1
LH:1
BRF:0
BRH:0
end_of_record
TN:
SF:src\components\Carousel.jsx
FN:18,Carousel
FN:22,(anonymous_1)
FN:23,(anonymous_2)
FN:28,(anonymous_3)
FN:30,(anonymous_4)
FN:34,(anonymous_5)
FN:35,(anonymous_6)
FN:41,(anonymous_7)
FN:42,(anonymous_8)
FN:50,(anonymous_9)
FNF:10
FNH:0
FNDA:0,Carousel
FNDA:0,(anonymous_1)
FNDA:0,(anonymous_2)
FNDA:0,(anonymous_3)
FNDA:0,(anonymous_4)
FNDA:0,(anonymous_5)
FNDA:0,(anonymous_6)
FNDA:0,(anonymous_7)
FNDA:0,(anonymous_8)
FNDA:0,(anonymous_9)
DA:19,0
DA:22,0
DA:23,0
DA:24,0
DA:28,0
DA:29,0
DA:30,0
DA:34,0
DA:35,0
DA:36,0
DA:41,0
DA:42,0
DA:43,0
DA:47,0
DA:51,0
LF:15
LH:0
BRDA:24,0,0,0
BRDA:24,0,1,0
BRDA:36,1,0,0
BRDA:36,1,1,0
BRDA:43,2,0,0
BRDA:43,2,1,0
BRF:6
BRH:0
end_of_record
TN:
SF:src\components\Section.jsx
FN:17,Section
FNF:1
FNH:1
FNDA:3,Section
DA:18,3
LF:1
LH:1
BRDA:21,0,0,3
BRDA:21,0,1,1
BRF:2
BRH:2
end_of_record
TN:
SF:src\pages\About\index.jsx
FN:19,About
FN:24,(anonymous_1)
FNF:2
FNH:2
FNDA:3,About
FNDA:12,(anonymous_1)
DA:20,3
DA:25,12
LF:2
LH:2
BRF:0
BRH:0
end_of_record
TN:
SF:src\pages\Apartment\index.jsx
FN:21,Apartment
FN:24,(anonymous_1)
FN:26,(anonymous_2)
FN:50,(anonymous_3)
FN:72,(anonymous_4)
FN:88,(anonymous_5)
FNF:6
FNH:3
FNDA:3,Apartment
FNDA:60,(anonymous_1)
FNDA:2,(anonymous_2)
FNDA:0,(anonymous_3)
FNDA:0,(anonymous_4)
FNDA:0,(anonymous_5)
DA:22,3
DA:23,3
DA:24,60
DA:26,3
DA:27,2
DA:28,2
DA:32,3
DA:33,3
DA:36,0
DA:51,0
DA:73,0
DA:89,0
LF:12
LH:8
BRDA:27,0,0,2
BRDA:27,0,1,0
BRDA:32,1,0,3
BRDA:32,1,1,0
BRDA:76,2,0,0
BRDA:76,2,1,0
BRF:6
BRH:2
end_of_record
TN:
SF:src\pages\Error\index.jsx
FN:17,Error
FNF:1
FNH:1
FNDA:1,Error
DA:18,1
LF:1
LH:1
BRF:0
BRH:0
end_of_record
TN:
SF:src\pages\Home\index.jsx
FN:19,Home
FN:29,(anonymous_1)
FNF:2
FNH:2
FNDA:1,Home
FNDA:20,(anonymous_1)
DA:20,1
DA:30,20
LF:2
LH:2
BRF:0
BRH:0
end_of_record
TN:
SF:src\tests\fileMock.js
FNF:0
FNH:0
DA:1,1
LF:1
LH:1
BRF:0
BRH:0
end_of_record
TN:
SF:src\tests\hello.js
FN:5,(anonymous_0)
FNF:1
FNH:1
FNDA:2,(anonymous_0)
DA:5,1
DA:6,2
DA:7,1
DA:10,1
LF:4
LH:4
BRDA:6,0,0,1
BRDA:6,0,1,1
BRF:2
BRH:2
end_of_record
TN:
SF:src\tests\styleMock.js
FNF:0
FNH:0
DA:1,1
LF:1
LH:1
BRF:0
BRH:0
end_of_record
