TN:
SF:src\components\Accordion.jsx
FN:18,Accordion
FN:22,(anonymous_1)
FNF:2
FNH:2
FNDA:20,Accordion
FNDA:2,(anonymous_1)
DA:19,20
DA:20,20
DA:22,20
DA:23,2
DA:25,2
DA:26,1
DA:28,1
DA:31,2
DA:34,20
LF:9
LH:9
BRDA:25,0,0,1
BRDA:25,0,1,1
BRDA:47,1,0,1
BRDA:47,1,1,19
BRDA:60,2,0,1
BRDA:60,2,1,19
BRF:6
BRH:6
end_of_record
TN:
SF:src\components\Badge.jsx
FN:16,Badge
FNF:1
FNH:1
FNDA:4,Badge
DA:17,4
LF:1
LH:1
BRF:0
BRH:0
end_of_record
TN:
SF:src\components\Card.jsx
FN:18,Card
FNF:1
FNH:1
FNDA:102,Card
DA:19,102
LF:1
LH:1
BRF:0
BRH:0
end_of_record
TN:
SF:src\components\Carousel.jsx
FN:18,Carousel
FN:22,(anonymous_1)
FN:23,(anonymous_2)
FN:28,(anonymous_3)
FN:30,(anonymous_4)
FN:34,(anonymous_5)
FN:35,(anonymous_6)
FN:41,(anonymous_7)
FN:42,(anonymous_8)
FN:50,(anonymous_9)
FNF:10
FNH:10
FNDA:10,Carousel
FNDA:1,(anonymous_1)
FNDA:1,(anonymous_2)
FNDA:10,(anonymous_3)
FNDA:10,(anonymous_4)
FNDA:1,(anonymous_5)
FNDA:1,(anonymous_6)
FNDA:1,(anonymous_7)
FNDA:1,(anonymous_8)
FNDA:31,(anonymous_9)
DA:19,10
DA:22,10
DA:23,1
DA:24,1
DA:28,10
DA:29,10
DA:30,10
DA:34,10
DA:35,1
DA:36,1
DA:41,10
DA:42,1
DA:43,1
DA:47,10
DA:51,31
LF:15
LH:15
BRDA:24,0,0,0
BRDA:24,0,1,1
BRDA:36,1,0,1
BRDA:36,1,1,0
BRDA:43,2,0,0
BRDA:43,2,1,1
BRDA:81,3,0,1
BRDA:81,3,1,9
BRF:8
BRH:5
end_of_record
TN:
SF:src\components\Header.jsx
FN:18,Header
FNF:1
FNH:1
FNDA:2,Header
DA:19,2
LF:1
LH:1
BRF:0
BRH:0
end_of_record
TN:
SF:src\components\Section.jsx
FN:17,Section
FNF:1
FNH:1
FNDA:8,Section
DA:18,8
LF:1
LH:1
BRDA:21,0,0,8
BRDA:21,0,1,5
BRF:2
BRH:2
end_of_record
TN:
SF:src\pages\About\index.jsx
FN:19,About
FN:24,(anonymous_1)
FNF:2
FNH:2
FNDA:3,About
FNDA:12,(anonymous_1)
DA:20,3
DA:25,12
LF:2
LH:2
BRF:0
BRH:0
end_of_record
TN:
SF:src\pages\Apartment\index.jsx
FN:21,Apartment
FN:24,(anonymous_1)
FN:26,(anonymous_2)
FN:50,(anonymous_3)
FN:71,(anonymous_4)
FN:87,(anonymous_5)
FNF:6
FNH:6
FNDA:2,Apartment
FNDA:2,(anonymous_1)
FNDA:2,(anonymous_2)
FNDA:4,(anonymous_3)
FNDA:10,(anonymous_4)
FNDA:10,(anonymous_5)
DA:22,2
DA:23,2
DA:24,2
DA:26,2
DA:27,2
DA:28,0
DA:32,2
DA:33,0
DA:36,2
DA:51,4
DA:72,10
DA:88,10
LF:12
LH:10
BRDA:27,0,0,0
BRDA:27,0,1,2
BRDA:32,1,0,0
BRDA:32,1,1,2
BRDA:75,2,0,10
BRDA:75,2,1,0
BRF:6
BRH:3
end_of_record
TN:
SF:src\pages\Error\index.jsx
FN:17,Error
FNF:1
FNH:1
FNDA:1,Error
DA:18,1
LF:1
LH:1
BRF:0
BRH:0
end_of_record
TN:
SF:src\pages\Home\index.jsx
FN:19,Home
FN:29,(anonymous_1)
FNF:2
FNH:2
FNDA:5,Home
FNDA:100,(anonymous_1)
DA:20,5
DA:30,100
LF:2
LH:2
BRF:0
BRH:0
end_of_record
TN:
SF:src\tests\fileMock.js
FNF:0
FNH:0
DA:1,1
LF:1
LH:1
BRF:0
BRH:0
end_of_record
TN:
SF:src\tests\styleMock.js
FNF:0
FNH:0
DA:1,4
LF:1
LH:1
BRF:0
BRH:0
end_of_record
